<?xml version="1.0" encoding="UTF-8"?>
<testsuite name="El cliente quiere registrar un nuevo usuario en la pagina web de Utest" tests="1" skipped="0" failures="0" errors="0" timestamp="2022-07-11T11:38:04" hostname="DESKTOP-FMB8CIK" time="24.844">
  <properties/>
  <testcase name="El cliente quiere registrar un nuevo usuario" classname="El cliente quiere registrar un nuevo usuario en la pagina web de Utest" time="24.844"/>
  <system-out><![CDATA[]]></system-out>
  <system-err><![CDATA[[Test worker] WARN net.thucydides.core.steps.BaseStepListener - stepStarted: net.thucydides.core.steps.ExecutedStepDescription@20151de
[Test worker] WARN net.thucydides.core.steps.BaseStepListener - stepStarted: net.thucydides.core.steps.ExecutedStepDescription@43994ac7
[Test worker] WARN net.thucydides.core.steps.BaseStepListener - stepStarted: net.thucydides.core.steps.ExecutedStepDescription@12f51f56
jul. 11, 2022 6:38:04 A. M. org.openqa.selenium.remote.DesiredCapabilities chrome
INFORMACIÓN: Using `new ChromeOptions()` is preferred to `DesiredCapabilities.chrome()`
[Test worker] INFO net.serenitybdd.core.webdriver.driverproviders.ProvideNewDriver - Instantiating driver
[Test worker] INFO net.serenitybdd.core.webdriver.driverproviders.ProvideNewDriver - Driver capabilities: Capabilities {acceptInsecureCerts: false, browserName: chrome, chrome.switches: --start-maximized, goog:chromeOptions: {args: [--start-maximized], extensions: []}, loggingPrefs: org.openqa.selenium.logging..., platform: ANY, version: }
Starting ChromeDriver 93.0.4577.63 (ff5c0da2ec0adeaed5550e6c7e98417dac77d98a-refs/branch-heads/4577@{#1135}) on port 45061
Only local connections are allowed.
Please see https://chromedriver.chromium.org/security-considerations for suggestions on keeping ChromeDriver safe.
ChromeDriver was started successfully.
jul. 11, 2022 6:38:06 A. M. org.openqa.selenium.remote.ProtocolHandshake createSession
INFORMACIÓN: Detected dialect: W3C
[Test worker] WARN net.thucydides.core.steps.BaseStepListener - stepFinished: current outcome:El cliente quiere registrar un nuevo usuario:Given el cliente quiere registrar un usuario en la pagina [Cliente pagina inicio utest task [cliente opens the https://utest.com/]]
[Test worker] WARN net.thucydides.core.steps.BaseStepListener - stepStarted: net.thucydides.core.steps.ExecutedStepDescription@3df5e3a0
[Test worker] WARN net.thucydides.core.steps.BaseStepListener - stepFinished: current outcome:El cliente quiere registrar un nuevo usuario:Given el cliente quiere registrar un usuario en la pagina [Cliente pagina inicio utest task [cliente opens the https://utest.com/, cliente clicks on Boton de redireccion hacia el formulario de registro]]
[Test worker] WARN net.thucydides.core.steps.BaseStepListener - stepFinished: current outcome:El cliente quiere registrar un nuevo usuario:Given el cliente quiere registrar un usuario en la pagina [Cliente pagina inicio utest task [cliente opens the https://utest.com/, cliente clicks on Boton de redireccion hacia el formulario de registro]]
[Test worker] WARN net.thucydides.core.steps.BaseStepListener - stepFinished: current outcome:El cliente quiere registrar un nuevo usuario:Given el cliente quiere registrar un usuario en la pagina [Cliente pagina inicio utest task [cliente opens the https://utest.com/, cliente clicks on Boton de redireccion hacia el formulario de registro]]
[Test worker] WARN net.thucydides.core.steps.BaseStepListener - stepStarted: net.thucydides.core.steps.ExecutedStepDescription@43d43acb
[Test worker] WARN net.thucydides.core.steps.BaseStepListener - stepStarted: net.thucydides.core.steps.ExecutedStepDescription@1d0b2b46
[Test worker] WARN net.thucydides.core.steps.BaseStepListener - stepStarted: net.thucydides.core.steps.ExecutedStepDescription@477abf0f
[Test worker] WARN net.thucydides.core.steps.BaseStepListener - stepFinished: current outcome:El cliente quiere registrar un nuevo usuario:Given el cliente quiere registrar un usuario en la pagina [Cliente pagina inicio utest task [cliente opens the https://utest.com/, cliente clicks on Boton de redireccion hacia el formulario de registro]], When el cliente llena los campos necesarios para el registro
| _nombre | _apellido | _correo | _mes | _dia | _ano | _ciudad | _zip | _pais | _celular | _modelo | _sistema | _contrasena |
| Rodolfo | Gonzales | rodo@yopmail.com | June | 22 | 1990 | Cartagena de indias | 13232 | Colombia | Apple | iPad 4 | IOS 11.0 | Nose123456789@ | [Cliente pagina datos per task [cliente enters 'Rodolfo' into ingrese el nombre]]
[Test worker] WARN net.thucydides.core.steps.BaseStepListener - stepStarted: net.thucydides.core.steps.ExecutedStepDescription@261ff6f
[Test worker] WARN net.thucydides.core.steps.BaseStepListener - stepFinished: current outcome:El cliente quiere registrar un nuevo usuario:Given el cliente quiere registrar un usuario en la pagina [Cliente pagina inicio utest task [cliente opens the https://utest.com/, cliente clicks on Boton de redireccion hacia el formulario de registro]], When el cliente llena los campos necesarios para el registro
| _nombre | _apellido | _correo | _mes | _dia | _ano | _ciudad | _zip | _pais | _celular | _modelo | _sistema | _contrasena |
| Rodolfo | Gonzales | rodo@yopmail.com | June | 22 | 1990 | Cartagena de indias | 13232 | Colombia | Apple | iPad 4 | IOS 11.0 | Nose123456789@ | [Cliente pagina datos per task [cliente enters 'Rodolfo' into ingrese el nombre, cliente enters 'Gonzales' into ingrese el apellido]]
[Test worker] WARN net.thucydides.core.steps.BaseStepListener - stepStarted: net.thucydides.core.steps.ExecutedStepDescription@712efc0a
[Test worker] WARN net.thucydides.core.steps.BaseStepListener - stepFinished: current outcome:El cliente quiere registrar un nuevo usuario:Given el cliente quiere registrar un usuario en la pagina [Cliente pagina inicio utest task [cliente opens the https://utest.com/, cliente clicks on Boton de redireccion hacia el formulario de registro]], When el cliente llena los campos necesarios para el registro
| _nombre | _apellido | _correo | _mes | _dia | _ano | _ciudad | _zip | _pais | _celular | _modelo | _sistema | _contrasena |
| Rodolfo | Gonzales | rodo@yopmail.com | June | 22 | 1990 | Cartagena de indias | 13232 | Colombia | Apple | iPad 4 | IOS 11.0 | Nose123456789@ | [Cliente pagina datos per task [cliente enters 'Rodolfo' into ingrese el nombre, cliente enters 'Gonzales' into ingrese el apellido, cliente enters 'rodo@yopmail.com' into ingrese el correo]]
[Test worker] WARN net.thucydides.core.steps.BaseStepListener - stepStarted: net.thucydides.core.steps.ExecutedStepDescription@3f9feff1
[Test worker] WARN net.thucydides.core.steps.BaseStepListener - stepFinished: current outcome:El cliente quiere registrar un nuevo usuario:Given el cliente quiere registrar un usuario en la pagina [Cliente pagina inicio utest task [cliente opens the https://utest.com/, cliente clicks on Boton de redireccion hacia el formulario de registro]], When el cliente llena los campos necesarios para el registro
| _nombre | _apellido | _correo | _mes | _dia | _ano | _ciudad | _zip | _pais | _celular | _modelo | _sistema | _contrasena |
| Rodolfo | Gonzales | rodo@yopmail.com | June | 22 | 1990 | Cartagena de indias | 13232 | Colombia | Apple | iPad 4 | IOS 11.0 | Nose123456789@ | [Cliente pagina datos per task [cliente enters 'Rodolfo' into ingrese el nombre, cliente enters 'Gonzales' into ingrese el apellido, cliente enters 'rodo@yopmail.com' into ingrese el correo, cliente select June on ingrese el mes de nacimiento]]
[Test worker] WARN net.thucydides.core.steps.BaseStepListener - stepStarted: net.thucydides.core.steps.ExecutedStepDescription@41580f8b
[Test worker] WARN net.thucydides.core.steps.BaseStepListener - stepFinished: current outcome:El cliente quiere registrar un nuevo usuario:Given el cliente quiere registrar un usuario en la pagina [Cliente pagina inicio utest task [cliente opens the https://utest.com/, cliente clicks on Boton de redireccion hacia el formulario de registro]], When el cliente llena los campos necesarios para el registro
| _nombre | _apellido | _correo | _mes | _dia | _ano | _ciudad | _zip | _pais | _celular | _modelo | _sistema | _contrasena |
| Rodolfo | Gonzales | rodo@yopmail.com | June | 22 | 1990 | Cartagena de indias | 13232 | Colombia | Apple | iPad 4 | IOS 11.0 | Nose123456789@ | [Cliente pagina datos per task [cliente enters 'Rodolfo' into ingrese el nombre, cliente enters 'Gonzales' into ingrese el apellido, cliente enters 'rodo@yopmail.com' into ingrese el correo, cliente select June on ingrese el mes de nacimiento, cliente select 22 on ingrese el dia de nacimiento]]
[Test worker] WARN net.thucydides.core.steps.BaseStepListener - stepStarted: net.thucydides.core.steps.ExecutedStepDescription@5ab0443f
[Test worker] WARN net.thucydides.core.steps.BaseStepListener - stepFinished: current outcome:El cliente quiere registrar un nuevo usuario:Given el cliente quiere registrar un usuario en la pagina [Cliente pagina inicio utest task [cliente opens the https://utest.com/, cliente clicks on Boton de redireccion hacia el formulario de registro]], When el cliente llena los campos necesarios para el registro
| _nombre | _apellido | _correo | _mes | _dia | _ano | _ciudad | _zip | _pais | _celular | _modelo | _sistema | _contrasena |
| Rodolfo | Gonzales | rodo@yopmail.com | June | 22 | 1990 | Cartagena de indias | 13232 | Colombia | Apple | iPad 4 | IOS 11.0 | Nose123456789@ | [Cliente pagina datos per task [cliente enters 'Rodolfo' into ingrese el nombre, cliente enters 'Gonzales' into ingrese el apellido, cliente enters 'rodo@yopmail.com' into ingrese el correo, cliente select June on ingrese el mes de nacimiento, cliente select 22 on ingrese el dia de nacimiento, cliente select 1990 on ingrese el ano de nacimiento]]
[Test worker] WARN net.thucydides.core.steps.BaseStepListener - stepStarted: net.thucydides.core.steps.ExecutedStepDescription@55ad0ecc
[Test worker] WARN net.thucydides.core.steps.BaseStepListener - stepFinished: current outcome:El cliente quiere registrar un nuevo usuario:Given el cliente quiere registrar un usuario en la pagina [Cliente pagina inicio utest task [cliente opens the https://utest.com/, cliente clicks on Boton de redireccion hacia el formulario de registro]], When el cliente llena los campos necesarios para el registro
| _nombre | _apellido | _correo | _mes | _dia | _ano | _ciudad | _zip | _pais | _celular | _modelo | _sistema | _contrasena |
| Rodolfo | Gonzales | rodo@yopmail.com | June | 22 | 1990 | Cartagena de indias | 13232 | Colombia | Apple | iPad 4 | IOS 11.0 | Nose123456789@ | [Cliente pagina datos per task [cliente enters 'Rodolfo' into ingrese el nombre, cliente enters 'Gonzales' into ingrese el apellido, cliente enters 'rodo@yopmail.com' into ingrese el correo, cliente select June on ingrese el mes de nacimiento, cliente select 22 on ingrese el dia de nacimiento, cliente select 1990 on ingrese el ano de nacimiento, cliente clicks on boton para pasar al formulario de direcciones]]
[Test worker] WARN net.thucydides.core.steps.BaseStepListener - stepFinished: current outcome:El cliente quiere registrar un nuevo usuario:Given el cliente quiere registrar un usuario en la pagina [Cliente pagina inicio utest task [cliente opens the https://utest.com/, cliente clicks on Boton de redireccion hacia el formulario de registro]], When el cliente llena los campos necesarios para el registro
| _nombre | _apellido | _correo | _mes | _dia | _ano | _ciudad | _zip | _pais | _celular | _modelo | _sistema | _contrasena |
| Rodolfo | Gonzales | rodo@yopmail.com | June | 22 | 1990 | Cartagena de indias | 13232 | Colombia | Apple | iPad 4 | IOS 11.0 | Nose123456789@ | [Cliente pagina datos per task [cliente enters 'Rodolfo' into ingrese el nombre, cliente enters 'Gonzales' into ingrese el apellido, cliente enters 'rodo@yopmail.com' into ingrese el correo, cliente select June on ingrese el mes de nacimiento, cliente select 22 on ingrese el dia de nacimiento, cliente select 1990 on ingrese el ano de nacimiento, cliente clicks on boton para pasar al formulario de direcciones]]
[Test worker] WARN net.thucydides.core.steps.BaseStepListener - stepStarted: net.thucydides.core.steps.ExecutedStepDescription@7055b70
[Test worker] WARN net.thucydides.core.steps.BaseStepListener - stepStarted: net.thucydides.core.steps.ExecutedStepDescription@3078eb19
[Test worker] WARN net.thucydides.core.steps.BaseStepListener - stepFinished: current outcome:El cliente quiere registrar un nuevo usuario:Given el cliente quiere registrar un usuario en la pagina [Cliente pagina inicio utest task [cliente opens the https://utest.com/, cliente clicks on Boton de redireccion hacia el formulario de registro]], When el cliente llena los campos necesarios para el registro
| _nombre | _apellido | _correo | _mes | _dia | _ano | _ciudad | _zip | _pais | _celular | _modelo | _sistema | _contrasena |
| Rodolfo | Gonzales | rodo@yopmail.com | June | 22 | 1990 | Cartagena de indias | 13232 | Colombia | Apple | iPad 4 | IOS 11.0 | Nose123456789@ | [Cliente pagina datos per task [cliente enters 'Rodolfo' into ingrese el nombre, cliente enters 'Gonzales' into ingrese el apellido, cliente enters 'rodo@yopmail.com' into ingrese el correo, cliente select June on ingrese el mes de nacimiento, cliente select 22 on ingrese el dia de nacimiento, cliente select 1990 on ingrese el ano de nacimiento, cliente clicks on boton para pasar al formulario de direcciones], Cliente pagina datos dir task [cliente enters 'Cartagena de indias' into Ingrese la ciudad]]
[Test worker] WARN net.thucydides.core.steps.BaseStepListener - stepStarted: net.thucydides.core.steps.ExecutedStepDescription@31b6d5d8
[Test worker] WARN net.thucydides.core.steps.BaseStepListener - stepFinished: current outcome:El cliente quiere registrar un nuevo usuario:Given el cliente quiere registrar un usuario en la pagina [Cliente pagina inicio utest task [cliente opens the https://utest.com/, cliente clicks on Boton de redireccion hacia el formulario de registro]], When el cliente llena los campos necesarios para el registro
| _nombre | _apellido | _correo | _mes | _dia | _ano | _ciudad | _zip | _pais | _celular | _modelo | _sistema | _contrasena |
| Rodolfo | Gonzales | rodo@yopmail.com | June | 22 | 1990 | Cartagena de indias | 13232 | Colombia | Apple | iPad 4 | IOS 11.0 | Nose123456789@ | [Cliente pagina datos per task [cliente enters 'Rodolfo' into ingrese el nombre, cliente enters 'Gonzales' into ingrese el apellido, cliente enters 'rodo@yopmail.com' into ingrese el correo, cliente select June on ingrese el mes de nacimiento, cliente select 22 on ingrese el dia de nacimiento, cliente select 1990 on ingrese el ano de nacimiento, cliente clicks on boton para pasar al formulario de direcciones], Cliente pagina datos dir task [cliente enters 'Cartagena de indias' into Ingrese la ciudad, cliente types 'ARROW_DOWN' in Ingrese la ciudad]]
[Test worker] WARN net.thucydides.core.steps.BaseStepListener - stepStarted: net.thucydides.core.steps.ExecutedStepDescription@d26aff7
[Test worker] WARN net.thucydides.core.steps.BaseStepListener - stepFinished: current outcome:El cliente quiere registrar un nuevo usuario:Given el cliente quiere registrar un usuario en la pagina [Cliente pagina inicio utest task [cliente opens the https://utest.com/, cliente clicks on Boton de redireccion hacia el formulario de registro]], When el cliente llena los campos necesarios para el registro
| _nombre | _apellido | _correo | _mes | _dia | _ano | _ciudad | _zip | _pais | _celular | _modelo | _sistema | _contrasena |
| Rodolfo | Gonzales | rodo@yopmail.com | June | 22 | 1990 | Cartagena de indias | 13232 | Colombia | Apple | iPad 4 | IOS 11.0 | Nose123456789@ | [Cliente pagina datos per task [cliente enters 'Rodolfo' into ingrese el nombre, cliente enters 'Gonzales' into ingrese el apellido, cliente enters 'rodo@yopmail.com' into ingrese el correo, cliente select June on ingrese el mes de nacimiento, cliente select 22 on ingrese el dia de nacimiento, cliente select 1990 on ingrese el ano de nacimiento, cliente clicks on boton para pasar al formulario de direcciones], Cliente pagina datos dir task [cliente enters 'Cartagena de indias' into Ingrese la ciudad, cliente types 'ARROW_DOWN' in Ingrese la ciudad, cliente types 'ENTER' in Ingrese la ciudad]]
[Test worker] WARN net.thucydides.core.steps.BaseStepListener - stepStarted: net.thucydides.core.steps.ExecutedStepDescription@5821740a
[Test worker] WARN net.thucydides.core.steps.BaseStepListener - stepFinished: current outcome:El cliente quiere registrar un nuevo usuario:Given el cliente quiere registrar un usuario en la pagina [Cliente pagina inicio utest task [cliente opens the https://utest.com/, cliente clicks on Boton de redireccion hacia el formulario de registro]], When el cliente llena los campos necesarios para el registro
| _nombre | _apellido | _correo | _mes | _dia | _ano | _ciudad | _zip | _pais | _celular | _modelo | _sistema | _contrasena |
| Rodolfo | Gonzales | rodo@yopmail.com | June | 22 | 1990 | Cartagena de indias | 13232 | Colombia | Apple | iPad 4 | IOS 11.0 | Nose123456789@ | [Cliente pagina datos per task [cliente enters 'Rodolfo' into ingrese el nombre, cliente enters 'Gonzales' into ingrese el apellido, cliente enters 'rodo@yopmail.com' into ingrese el correo, cliente select June on ingrese el mes de nacimiento, cliente select 22 on ingrese el dia de nacimiento, cliente select 1990 on ingrese el ano de nacimiento, cliente clicks on boton para pasar al formulario de direcciones], Cliente pagina datos dir task [cliente enters 'Cartagena de indias' into Ingrese la ciudad, cliente types 'ARROW_DOWN' in Ingrese la ciudad, cliente types 'ENTER' in Ingrese la ciudad, cliente enters '13232' into Ingrese el codigo postal]]
[Test worker] WARN net.thucydides.core.steps.BaseStepListener - stepStarted: net.thucydides.core.steps.ExecutedStepDescription@4df545c4
[Test worker] WARN net.thucydides.core.steps.BaseStepListener - stepFinished: current outcome:El cliente quiere registrar un nuevo usuario:Given el cliente quiere registrar un usuario en la pagina [Cliente pagina inicio utest task [cliente opens the https://utest.com/, cliente clicks on Boton de redireccion hacia el formulario de registro]], When el cliente llena los campos necesarios para el registro
| _nombre | _apellido | _correo | _mes | _dia | _ano | _ciudad | _zip | _pais | _celular | _modelo | _sistema | _contrasena |
| Rodolfo | Gonzales | rodo@yopmail.com | June | 22 | 1990 | Cartagena de indias | 13232 | Colombia | Apple | iPad 4 | IOS 11.0 | Nose123456789@ | [Cliente pagina datos per task [cliente enters 'Rodolfo' into ingrese el nombre, cliente enters 'Gonzales' into ingrese el apellido, cliente enters 'rodo@yopmail.com' into ingrese el correo, cliente select June on ingrese el mes de nacimiento, cliente select 22 on ingrese el dia de nacimiento, cliente select 1990 on ingrese el ano de nacimiento, cliente clicks on boton para pasar al formulario de direcciones], Cliente pagina datos dir task [cliente enters 'Cartagena de indias' into Ingrese la ciudad, cliente types 'ARROW_DOWN' in Ingrese la ciudad, cliente types 'ENTER' in Ingrese la ciudad, cliente enters '13232' into Ingrese el codigo postal, cliente clicks on Dropdown de paises]]
[Test worker] WARN net.thucydides.core.steps.BaseStepListener - stepStarted: net.thucydides.core.steps.ExecutedStepDescription@7fa0e5ea
[Test worker] WARN net.thucydides.core.steps.BaseStepListener - stepFinished: current outcome:El cliente quiere registrar un nuevo usuario:Given el cliente quiere registrar un usuario en la pagina [Cliente pagina inicio utest task [cliente opens the https://utest.com/, cliente clicks on Boton de redireccion hacia el formulario de registro]], When el cliente llena los campos necesarios para el registro
| _nombre | _apellido | _correo | _mes | _dia | _ano | _ciudad | _zip | _pais | _celular | _modelo | _sistema | _contrasena |
| Rodolfo | Gonzales | rodo@yopmail.com | June | 22 | 1990 | Cartagena de indias | 13232 | Colombia | Apple | iPad 4 | IOS 11.0 | Nose123456789@ | [Cliente pagina datos per task [cliente enters 'Rodolfo' into ingrese el nombre, cliente enters 'Gonzales' into ingrese el apellido, cliente enters 'rodo@yopmail.com' into ingrese el correo, cliente select June on ingrese el mes de nacimiento, cliente select 22 on ingrese el dia de nacimiento, cliente select 1990 on ingrese el ano de nacimiento, cliente clicks on boton para pasar al formulario de direcciones], Cliente pagina datos dir task [cliente enters 'Cartagena de indias' into Ingrese la ciudad, cliente types 'ARROW_DOWN' in Ingrese la ciudad, cliente types 'ENTER' in Ingrese la ciudad, cliente enters '13232' into Ingrese el codigo postal, cliente clicks on Dropdown de paises, cliente enters 'Colombia' then hits ARROW_DOWN and ENTER into Ingrese el pais]]
[Test worker] WARN net.thucydides.core.steps.BaseStepListener - stepStarted: net.thucydides.core.steps.ExecutedStepDescription@65051f33
[Test worker] WARN net.thucydides.core.steps.BaseStepListener - stepFinished: current outcome:El cliente quiere registrar un nuevo usuario:Given el cliente quiere registrar un usuario en la pagina [Cliente pagina inicio utest task [cliente opens the https://utest.com/, cliente clicks on Boton de redireccion hacia el formulario de registro]], When el cliente llena los campos necesarios para el registro
| _nombre | _apellido | _correo | _mes | _dia | _ano | _ciudad | _zip | _pais | _celular | _modelo | _sistema | _contrasena |
| Rodolfo | Gonzales | rodo@yopmail.com | June | 22 | 1990 | Cartagena de indias | 13232 | Colombia | Apple | iPad 4 | IOS 11.0 | Nose123456789@ | [Cliente pagina datos per task [cliente enters 'Rodolfo' into ingrese el nombre, cliente enters 'Gonzales' into ingrese el apellido, cliente enters 'rodo@yopmail.com' into ingrese el correo, cliente select June on ingrese el mes de nacimiento, cliente select 22 on ingrese el dia de nacimiento, cliente select 1990 on ingrese el ano de nacimiento, cliente clicks on boton para pasar al formulario de direcciones], Cliente pagina datos dir task [cliente enters 'Cartagena de indias' into Ingrese la ciudad, cliente types 'ARROW_DOWN' in Ingrese la ciudad, cliente types 'ENTER' in Ingrese la ciudad, cliente enters '13232' into Ingrese el codigo postal, cliente clicks on Dropdown de paises, cliente enters 'Colombia' then hits ARROW_DOWN and ENTER into Ingrese el pais, cliente clicks on Boton para pasar al siguiente formulario]]
[Test worker] WARN net.thucydides.core.steps.BaseStepListener - stepFinished: current outcome:El cliente quiere registrar un nuevo usuario:Given el cliente quiere registrar un usuario en la pagina [Cliente pagina inicio utest task [cliente opens the https://utest.com/, cliente clicks on Boton de redireccion hacia el formulario de registro]], When el cliente llena los campos necesarios para el registro
| _nombre | _apellido | _correo | _mes | _dia | _ano | _ciudad | _zip | _pais | _celular | _modelo | _sistema | _contrasena |
| Rodolfo | Gonzales | rodo@yopmail.com | June | 22 | 1990 | Cartagena de indias | 13232 | Colombia | Apple | iPad 4 | IOS 11.0 | Nose123456789@ | [Cliente pagina datos per task [cliente enters 'Rodolfo' into ingrese el nombre, cliente enters 'Gonzales' into ingrese el apellido, cliente enters 'rodo@yopmail.com' into ingrese el correo, cliente select June on ingrese el mes de nacimiento, cliente select 22 on ingrese el dia de nacimiento, cliente select 1990 on ingrese el ano de nacimiento, cliente clicks on boton para pasar al formulario de direcciones], Cliente pagina datos dir task [cliente enters 'Cartagena de indias' into Ingrese la ciudad, cliente types 'ARROW_DOWN' in Ingrese la ciudad, cliente types 'ENTER' in Ingrese la ciudad, cliente enters '13232' into Ingrese el codigo postal, cliente clicks on Dropdown de paises, cliente enters 'Colombia' then hits ARROW_DOWN and ENTER into Ingrese el pais, cliente clicks on Boton para pasar al siguiente formulario]]
[Test worker] WARN net.thucydides.core.steps.BaseStepListener - stepStarted: net.thucydides.core.steps.ExecutedStepDescription@2dbfbdd3
[Test worker] WARN net.thucydides.core.steps.BaseStepListener - stepStarted: net.thucydides.core.steps.ExecutedStepDescription@4ec8e943
[Test worker] WARN net.thucydides.core.steps.BaseStepListener - stepFinished: current outcome:El cliente quiere registrar un nuevo usuario:Given el cliente quiere registrar un usuario en la pagina [Cliente pagina inicio utest task [cliente opens the https://utest.com/, cliente clicks on Boton de redireccion hacia el formulario de registro]], When el cliente llena los campos necesarios para el registro
| _nombre | _apellido | _correo | _mes | _dia | _ano | _ciudad | _zip | _pais | _celular | _modelo | _sistema | _contrasena |
| Rodolfo | Gonzales | rodo@yopmail.com | June | 22 | 1990 | Cartagena de indias | 13232 | Colombia | Apple | iPad 4 | IOS 11.0 | Nose123456789@ | [Cliente pagina datos per task [cliente enters 'Rodolfo' into ingrese el nombre, cliente enters 'Gonzales' into ingrese el apellido, cliente enters 'rodo@yopmail.com' into ingrese el correo, cliente select June on ingrese el mes de nacimiento, cliente select 22 on ingrese el dia de nacimiento, cliente select 1990 on ingrese el ano de nacimiento, cliente clicks on boton para pasar al formulario de direcciones], Cliente pagina datos dir task [cliente enters 'Cartagena de indias' into Ingrese la ciudad, cliente types 'ARROW_DOWN' in Ingrese la ciudad, cliente types 'ENTER' in Ingrese la ciudad, cliente enters '13232' into Ingrese el codigo postal, cliente clicks on Dropdown de paises, cliente enters 'Colombia' then hits ARROW_DOWN and ENTER into Ingrese el pais, cliente clicks on Boton para pasar al siguiente formulario], Cliente pagina dispositivos task [cliente clicks on Dropdown de celulares]]
[Test worker] WARN net.thucydides.core.steps.BaseStepListener - stepStarted: net.thucydides.core.steps.ExecutedStepDescription@51d7f88f
[Test worker] WARN net.thucydides.core.steps.BaseStepListener - stepFinished: current outcome:El cliente quiere registrar un nuevo usuario:Given el cliente quiere registrar un usuario en la pagina [Cliente pagina inicio utest task [cliente opens the https://utest.com/, cliente clicks on Boton de redireccion hacia el formulario de registro]], When el cliente llena los campos necesarios para el registro
| _nombre | _apellido | _correo | _mes | _dia | _ano | _ciudad | _zip | _pais | _celular | _modelo | _sistema | _contrasena |
| Rodolfo | Gonzales | rodo@yopmail.com | June | 22 | 1990 | Cartagena de indias | 13232 | Colombia | Apple | iPad 4 | IOS 11.0 | Nose123456789@ | [Cliente pagina datos per task [cliente enters 'Rodolfo' into ingrese el nombre, cliente enters 'Gonzales' into ingrese el apellido, cliente enters 'rodo@yopmail.com' into ingrese el correo, cliente select June on ingrese el mes de nacimiento, cliente select 22 on ingrese el dia de nacimiento, cliente select 1990 on ingrese el ano de nacimiento, cliente clicks on boton para pasar al formulario de direcciones], Cliente pagina datos dir task [cliente enters 'Cartagena de indias' into Ingrese la ciudad, cliente types 'ARROW_DOWN' in Ingrese la ciudad, cliente types 'ENTER' in Ingrese la ciudad, cliente enters '13232' into Ingrese el codigo postal, cliente clicks on Dropdown de paises, cliente enters 'Colombia' then hits ARROW_DOWN and ENTER into Ingrese el pais, cliente clicks on Boton para pasar al siguiente formulario], Cliente pagina dispositivos task [cliente clicks on Dropdown de celulares, cliente enters 'Apple' then hits ARROW_DOWN and ENTER into Ingrese el celular]]
[Test worker] WARN net.thucydides.core.steps.BaseStepListener - stepStarted: net.thucydides.core.steps.ExecutedStepDescription@306f2c9c
[Test worker] WARN net.thucydides.core.steps.BaseStepListener - stepFinished: current outcome:El cliente quiere registrar un nuevo usuario:Given el cliente quiere registrar un usuario en la pagina [Cliente pagina inicio utest task [cliente opens the https://utest.com/, cliente clicks on Boton de redireccion hacia el formulario de registro]], When el cliente llena los campos necesarios para el registro
| _nombre | _apellido | _correo | _mes | _dia | _ano | _ciudad | _zip | _pais | _celular | _modelo | _sistema | _contrasena |
| Rodolfo | Gonzales | rodo@yopmail.com | June | 22 | 1990 | Cartagena de indias | 13232 | Colombia | Apple | iPad 4 | IOS 11.0 | Nose123456789@ | [Cliente pagina datos per task [cliente enters 'Rodolfo' into ingrese el nombre, cliente enters 'Gonzales' into ingrese el apellido, cliente enters 'rodo@yopmail.com' into ingrese el correo, cliente select June on ingrese el mes de nacimiento, cliente select 22 on ingrese el dia de nacimiento, cliente select 1990 on ingrese el ano de nacimiento, cliente clicks on boton para pasar al formulario de direcciones], Cliente pagina datos dir task [cliente enters 'Cartagena de indias' into Ingrese la ciudad, cliente types 'ARROW_DOWN' in Ingrese la ciudad, cliente types 'ENTER' in Ingrese la ciudad, cliente enters '13232' into Ingrese el codigo postal, cliente clicks on Dropdown de paises, cliente enters 'Colombia' then hits ARROW_DOWN and ENTER into Ingrese el pais, cliente clicks on Boton para pasar al siguiente formulario], Cliente pagina dispositivos task [cliente clicks on Dropdown de celulares, cliente enters 'Apple' then hits ARROW_DOWN and ENTER into Ingrese el celular, cliente clicks on Dropdown de modelos]]
[Test worker] WARN net.thucydides.core.steps.BaseStepListener - stepStarted: net.thucydides.core.steps.ExecutedStepDescription@370a9a4a
[Test worker] WARN net.thucydides.core.steps.BaseStepListener - stepFinished: current outcome:El cliente quiere registrar un nuevo usuario:Given el cliente quiere registrar un usuario en la pagina [Cliente pagina inicio utest task [cliente opens the https://utest.com/, cliente clicks on Boton de redireccion hacia el formulario de registro]], When el cliente llena los campos necesarios para el registro
| _nombre | _apellido | _correo | _mes | _dia | _ano | _ciudad | _zip | _pais | _celular | _modelo | _sistema | _contrasena |
| Rodolfo | Gonzales | rodo@yopmail.com | June | 22 | 1990 | Cartagena de indias | 13232 | Colombia | Apple | iPad 4 | IOS 11.0 | Nose123456789@ | [Cliente pagina datos per task [cliente enters 'Rodolfo' into ingrese el nombre, cliente enters 'Gonzales' into ingrese el apellido, cliente enters 'rodo@yopmail.com' into ingrese el correo, cliente select June on ingrese el mes de nacimiento, cliente select 22 on ingrese el dia de nacimiento, cliente select 1990 on ingrese el ano de nacimiento, cliente clicks on boton para pasar al formulario de direcciones], Cliente pagina datos dir task [cliente enters 'Cartagena de indias' into Ingrese la ciudad, cliente types 'ARROW_DOWN' in Ingrese la ciudad, cliente types 'ENTER' in Ingrese la ciudad, cliente enters '13232' into Ingrese el codigo postal, cliente clicks on Dropdown de paises, cliente enters 'Colombia' then hits ARROW_DOWN and ENTER into Ingrese el pais, cliente clicks on Boton para pasar al siguiente formulario], Cliente pagina dispositivos task [cliente clicks on Dropdown de celulares, cliente enters 'Apple' then hits ARROW_DOWN and ENTER into Ingrese el celular, cliente clicks on Dropdown de modelos, cliente enters 'Apple' then hits ARROW_DOWN and ENTER into Ingrese el modelo]]
[Test worker] WARN net.thucydides.core.steps.BaseStepListener - stepStarted: net.thucydides.core.steps.ExecutedStepDescription@703f2714
[Test worker] WARN net.thucydides.core.steps.BaseStepListener - stepFinished: current outcome:El cliente quiere registrar un nuevo usuario:Given el cliente quiere registrar un usuario en la pagina [Cliente pagina inicio utest task [cliente opens the https://utest.com/, cliente clicks on Boton de redireccion hacia el formulario de registro]], When el cliente llena los campos necesarios para el registro
| _nombre | _apellido | _correo | _mes | _dia | _ano | _ciudad | _zip | _pais | _celular | _modelo | _sistema | _contrasena |
| Rodolfo | Gonzales | rodo@yopmail.com | June | 22 | 1990 | Cartagena de indias | 13232 | Colombia | Apple | iPad 4 | IOS 11.0 | Nose123456789@ | [Cliente pagina datos per task [cliente enters 'Rodolfo' into ingrese el nombre, cliente enters 'Gonzales' into ingrese el apellido, cliente enters 'rodo@yopmail.com' into ingrese el correo, cliente select June on ingrese el mes de nacimiento, cliente select 22 on ingrese el dia de nacimiento, cliente select 1990 on ingrese el ano de nacimiento, cliente clicks on boton para pasar al formulario de direcciones], Cliente pagina datos dir task [cliente enters 'Cartagena de indias' into Ingrese la ciudad, cliente types 'ARROW_DOWN' in Ingrese la ciudad, cliente types 'ENTER' in Ingrese la ciudad, cliente enters '13232' into Ingrese el codigo postal, cliente clicks on Dropdown de paises, cliente enters 'Colombia' then hits ARROW_DOWN and ENTER into Ingrese el pais, cliente clicks on Boton para pasar al siguiente formulario], Cliente pagina dispositivos task [cliente clicks on Dropdown de celulares, cliente enters 'Apple' then hits ARROW_DOWN and ENTER into Ingrese el celular, cliente clicks on Dropdown de modelos, cliente enters 'Apple' then hits ARROW_DOWN and ENTER into Ingrese el modelo, cliente clicks on Dropdown de celulares]]
[Test worker] WARN net.thucydides.core.steps.BaseStepListener - stepStarted: net.thucydides.core.steps.ExecutedStepDescription@6dda7a9d
[Test worker] WARN net.thucydides.core.steps.BaseStepListener - stepFinished: current outcome:El cliente quiere registrar un nuevo usuario:Given el cliente quiere registrar un usuario en la pagina [Cliente pagina inicio utest task [cliente opens the https://utest.com/, cliente clicks on Boton de redireccion hacia el formulario de registro]], When el cliente llena los campos necesarios para el registro
| _nombre | _apellido | _correo | _mes | _dia | _ano | _ciudad | _zip | _pais | _celular | _modelo | _sistema | _contrasena |
| Rodolfo | Gonzales | rodo@yopmail.com | June | 22 | 1990 | Cartagena de indias | 13232 | Colombia | Apple | iPad 4 | IOS 11.0 | Nose123456789@ | [Cliente pagina datos per task [cliente enters 'Rodolfo' into ingrese el nombre, cliente enters 'Gonzales' into ingrese el apellido, cliente enters 'rodo@yopmail.com' into ingrese el correo, cliente select June on ingrese el mes de nacimiento, cliente select 22 on ingrese el dia de nacimiento, cliente select 1990 on ingrese el ano de nacimiento, cliente clicks on boton para pasar al formulario de direcciones], Cliente pagina datos dir task [cliente enters 'Cartagena de indias' into Ingrese la ciudad, cliente types 'ARROW_DOWN' in Ingrese la ciudad, cliente types 'ENTER' in Ingrese la ciudad, cliente enters '13232' into Ingrese el codigo postal, cliente clicks on Dropdown de paises, cliente enters 'Colombia' then hits ARROW_DOWN and ENTER into Ingrese el pais, cliente clicks on Boton para pasar al siguiente formulario], Cliente pagina dispositivos task [cliente clicks on Dropdown de celulares, cliente enters 'Apple' then hits ARROW_DOWN and ENTER into Ingrese el celular, cliente clicks on Dropdown de modelos, cliente enters 'Apple' then hits ARROW_DOWN and ENTER into Ingrese el modelo, cliente clicks on Dropdown de celulares, cliente enters 'Apple' then hits ARROW_DOWN and ENTER into Ingrese el celular]]
[Test worker] WARN net.thucydides.core.steps.BaseStepListener - stepStarted: net.thucydides.core.steps.ExecutedStepDescription@d13a839
[Test worker] WARN net.thucydides.core.steps.BaseStepListener - stepFinished: current outcome:El cliente quiere registrar un nuevo usuario:Given el cliente quiere registrar un usuario en la pagina [Cliente pagina inicio utest task [cliente opens the https://utest.com/, cliente clicks on Boton de redireccion hacia el formulario de registro]], When el cliente llena los campos necesarios para el registro
| _nombre | _apellido | _correo | _mes | _dia | _ano | _ciudad | _zip | _pais | _celular | _modelo | _sistema | _contrasena |
| Rodolfo | Gonzales | rodo@yopmail.com | June | 22 | 1990 | Cartagena de indias | 13232 | Colombia | Apple | iPad 4 | IOS 11.0 | Nose123456789@ | [Cliente pagina datos per task [cliente enters 'Rodolfo' into ingrese el nombre, cliente enters 'Gonzales' into ingrese el apellido, cliente enters 'rodo@yopmail.com' into ingrese el correo, cliente select June on ingrese el mes de nacimiento, cliente select 22 on ingrese el dia de nacimiento, cliente select 1990 on ingrese el ano de nacimiento, cliente clicks on boton para pasar al formulario de direcciones], Cliente pagina datos dir task [cliente enters 'Cartagena de indias' into Ingrese la ciudad, cliente types 'ARROW_DOWN' in Ingrese la ciudad, cliente types 'ENTER' in Ingrese la ciudad, cliente enters '13232' into Ingrese el codigo postal, cliente clicks on Dropdown de paises, cliente enters 'Colombia' then hits ARROW_DOWN and ENTER into Ingrese el pais, cliente clicks on Boton para pasar al siguiente formulario], Cliente pagina dispositivos task [cliente clicks on Dropdown de celulares, cliente enters 'Apple' then hits ARROW_DOWN and ENTER into Ingrese el celular, cliente clicks on Dropdown de modelos, cliente enters 'Apple' then hits ARROW_DOWN and ENTER into Ingrese el modelo, cliente clicks on Dropdown de celulares, cliente enters 'Apple' then hits ARROW_DOWN and ENTER into Ingrese el celular, cliente clicks on Boton para avanzar para la contraseÃ±a]]
[Test worker] WARN net.thucydides.core.steps.BaseStepListener - stepFinished: current outcome:El cliente quiere registrar un nuevo usuario:Given el cliente quiere registrar un usuario en la pagina [Cliente pagina inicio utest task [cliente opens the https://utest.com/, cliente clicks on Boton de redireccion hacia el formulario de registro]], When el cliente llena los campos necesarios para el registro
| _nombre | _apellido | _correo | _mes | _dia | _ano | _ciudad | _zip | _pais | _celular | _modelo | _sistema | _contrasena |
| Rodolfo | Gonzales | rodo@yopmail.com | June | 22 | 1990 | Cartagena de indias | 13232 | Colombia | Apple | iPad 4 | IOS 11.0 | Nose123456789@ | [Cliente pagina datos per task [cliente enters 'Rodolfo' into ingrese el nombre, cliente enters 'Gonzales' into ingrese el apellido, cliente enters 'rodo@yopmail.com' into ingrese el correo, cliente select June on ingrese el mes de nacimiento, cliente select 22 on ingrese el dia de nacimiento, cliente select 1990 on ingrese el ano de nacimiento, cliente clicks on boton para pasar al formulario de direcciones], Cliente pagina datos dir task [cliente enters 'Cartagena de indias' into Ingrese la ciudad, cliente types 'ARROW_DOWN' in Ingrese la ciudad, cliente types 'ENTER' in Ingrese la ciudad, cliente enters '13232' into Ingrese el codigo postal, cliente clicks on Dropdown de paises, cliente enters 'Colombia' then hits ARROW_DOWN and ENTER into Ingrese el pais, cliente clicks on Boton para pasar al siguiente formulario], Cliente pagina dispositivos task [cliente clicks on Dropdown de celulares, cliente enters 'Apple' then hits ARROW_DOWN and ENTER into Ingrese el celular, cliente clicks on Dropdown de modelos, cliente enters 'Apple' then hits ARROW_DOWN and ENTER into Ingrese el modelo, cliente clicks on Dropdown de celulares, cliente enters 'Apple' then hits ARROW_DOWN and ENTER into Ingrese el celular, cliente clicks on Boton para avanzar para la contraseÃ±a]]
[Test worker] WARN net.thucydides.core.steps.BaseStepListener - stepStarted: net.thucydides.core.steps.ExecutedStepDescription@54fd2c75
[Test worker] WARN net.thucydides.core.steps.BaseStepListener - stepStarted: net.thucydides.core.steps.ExecutedStepDescription@1feb33fc
[Test worker] WARN net.thucydides.core.steps.BaseStepListener - stepFinished: current outcome:El cliente quiere registrar un nuevo usuario:Given el cliente quiere registrar un usuario en la pagina [Cliente pagina inicio utest task [cliente opens the https://utest.com/, cliente clicks on Boton de redireccion hacia el formulario de registro]], When el cliente llena los campos necesarios para el registro
| _nombre | _apellido | _correo | _mes | _dia | _ano | _ciudad | _zip | _pais | _celular | _modelo | _sistema | _contrasena |
| Rodolfo | Gonzales | rodo@yopmail.com | June | 22 | 1990 | Cartagena de indias | 13232 | Colombia | Apple | iPad 4 | IOS 11.0 | Nose123456789@ | [Cliente pagina datos per task [cliente enters 'Rodolfo' into ingrese el nombre, cliente enters 'Gonzales' into ingrese el apellido, cliente enters 'rodo@yopmail.com' into ingrese el correo, cliente select June on ingrese el mes de nacimiento, cliente select 22 on ingrese el dia de nacimiento, cliente select 1990 on ingrese el ano de nacimiento, cliente clicks on boton para pasar al formulario de direcciones], Cliente pagina datos dir task [cliente enters 'Cartagena de indias' into Ingrese la ciudad, cliente types 'ARROW_DOWN' in Ingrese la ciudad, cliente types 'ENTER' in Ingrese la ciudad, cliente enters '13232' into Ingrese el codigo postal, cliente clicks on Dropdown de paises, cliente enters 'Colombia' then hits ARROW_DOWN and ENTER into Ingrese el pais, cliente clicks on Boton para pasar al siguiente formulario], Cliente pagina dispositivos task [cliente clicks on Dropdown de celulares, cliente enters 'Apple' then hits ARROW_DOWN and ENTER into Ingrese el celular, cliente clicks on Dropdown de modelos, cliente enters 'Apple' then hits ARROW_DOWN and ENTER into Ingrese el modelo, cliente clicks on Dropdown de celulares, cliente enters 'Apple' then hits ARROW_DOWN and ENTER into Ingrese el celular, cliente clicks on Boton para avanzar para la contraseÃ±a], Cliente pagina contrasena task [cliente enters 'Nose123456789@' into Ingrese la contrasena]]
[Test worker] WARN net.thucydides.core.steps.BaseStepListener - stepStarted: net.thucydides.core.steps.ExecutedStepDescription@137d75d4
[Test worker] WARN net.thucydides.core.steps.BaseStepListener - stepFinished: current outcome:El cliente quiere registrar un nuevo usuario:Given el cliente quiere registrar un usuario en la pagina [Cliente pagina inicio utest task [cliente opens the https://utest.com/, cliente clicks on Boton de redireccion hacia el formulario de registro]], When el cliente llena los campos necesarios para el registro
| _nombre | _apellido | _correo | _mes | _dia | _ano | _ciudad | _zip | _pais | _celular | _modelo | _sistema | _contrasena |
| Rodolfo | Gonzales | rodo@yopmail.com | June | 22 | 1990 | Cartagena de indias | 13232 | Colombia | Apple | iPad 4 | IOS 11.0 | Nose123456789@ | [Cliente pagina datos per task [cliente enters 'Rodolfo' into ingrese el nombre, cliente enters 'Gonzales' into ingrese el apellido, cliente enters 'rodo@yopmail.com' into ingrese el correo, cliente select June on ingrese el mes de nacimiento, cliente select 22 on ingrese el dia de nacimiento, cliente select 1990 on ingrese el ano de nacimiento, cliente clicks on boton para pasar al formulario de direcciones], Cliente pagina datos dir task [cliente enters 'Cartagena de indias' into Ingrese la ciudad, cliente types 'ARROW_DOWN' in Ingrese la ciudad, cliente types 'ENTER' in Ingrese la ciudad, cliente enters '13232' into Ingrese el codigo postal, cliente clicks on Dropdown de paises, cliente enters 'Colombia' then hits ARROW_DOWN and ENTER into Ingrese el pais, cliente clicks on Boton para pasar al siguiente formulario], Cliente pagina dispositivos task [cliente clicks on Dropdown de celulares, cliente enters 'Apple' then hits ARROW_DOWN and ENTER into Ingrese el celular, cliente clicks on Dropdown de modelos, cliente enters 'Apple' then hits ARROW_DOWN and ENTER into Ingrese el modelo, cliente clicks on Dropdown de celulares, cliente enters 'Apple' then hits ARROW_DOWN and ENTER into Ingrese el celular, cliente clicks on Boton para avanzar para la contraseÃ±a], Cliente pagina contrasena task [cliente enters 'Nose123456789@' into Ingrese la contrasena, cliente enters 'Nose123456789@' into Confirme la contrasena]]
[Test worker] WARN net.thucydides.core.steps.BaseStepListener - stepStarted: net.thucydides.core.steps.ExecutedStepDescription@7f40f880
[Test worker] WARN net.thucydides.core.steps.BaseStepListener - stepFinished: current outcome:El cliente quiere registrar un nuevo usuario:Given el cliente quiere registrar un usuario en la pagina [Cliente pagina inicio utest task [cliente opens the https://utest.com/, cliente clicks on Boton de redireccion hacia el formulario de registro]], When el cliente llena los campos necesarios para el registro
| _nombre | _apellido | _correo | _mes | _dia | _ano | _ciudad | _zip | _pais | _celular | _modelo | _sistema | _contrasena |
| Rodolfo | Gonzales | rodo@yopmail.com | June | 22 | 1990 | Cartagena de indias | 13232 | Colombia | Apple | iPad 4 | IOS 11.0 | Nose123456789@ | [Cliente pagina datos per task [cliente enters 'Rodolfo' into ingrese el nombre, cliente enters 'Gonzales' into ingrese el apellido, cliente enters 'rodo@yopmail.com' into ingrese el correo, cliente select June on ingrese el mes de nacimiento, cliente select 22 on ingrese el dia de nacimiento, cliente select 1990 on ingrese el ano de nacimiento, cliente clicks on boton para pasar al formulario de direcciones], Cliente pagina datos dir task [cliente enters 'Cartagena de indias' into Ingrese la ciudad, cliente types 'ARROW_DOWN' in Ingrese la ciudad, cliente types 'ENTER' in Ingrese la ciudad, cliente enters '13232' into Ingrese el codigo postal, cliente clicks on Dropdown de paises, cliente enters 'Colombia' then hits ARROW_DOWN and ENTER into Ingrese el pais, cliente clicks on Boton para pasar al siguiente formulario], Cliente pagina dispositivos task [cliente clicks on Dropdown de celulares, cliente enters 'Apple' then hits ARROW_DOWN and ENTER into Ingrese el celular, cliente clicks on Dropdown de modelos, cliente enters 'Apple' then hits ARROW_DOWN and ENTER into Ingrese el modelo, cliente clicks on Dropdown de celulares, cliente enters 'Apple' then hits ARROW_DOWN and ENTER into Ingrese el celular, cliente clicks on Boton para avanzar para la contraseÃ±a], Cliente pagina contrasena task [cliente enters 'Nose123456789@' into Ingrese la contrasena, cliente enters 'Nose123456789@' into Confirme la contrasena, cliente clicks on Checkear]]
[Test worker] WARN net.thucydides.core.steps.BaseStepListener - stepStarted: net.thucydides.core.steps.ExecutedStepDescription@6023b17f
[Test worker] WARN net.thucydides.core.steps.BaseStepListener - stepFinished: current outcome:El cliente quiere registrar un nuevo usuario:Given el cliente quiere registrar un usuario en la pagina [Cliente pagina inicio utest task [cliente opens the https://utest.com/, cliente clicks on Boton de redireccion hacia el formulario de registro]], When el cliente llena los campos necesarios para el registro
| _nombre | _apellido | _correo | _mes | _dia | _ano | _ciudad | _zip | _pais | _celular | _modelo | _sistema | _contrasena |
| Rodolfo | Gonzales | rodo@yopmail.com | June | 22 | 1990 | Cartagena de indias | 13232 | Colombia | Apple | iPad 4 | IOS 11.0 | Nose123456789@ | [Cliente pagina datos per task [cliente enters 'Rodolfo' into ingrese el nombre, cliente enters 'Gonzales' into ingrese el apellido, cliente enters 'rodo@yopmail.com' into ingrese el correo, cliente select June on ingrese el mes de nacimiento, cliente select 22 on ingrese el dia de nacimiento, cliente select 1990 on ingrese el ano de nacimiento, cliente clicks on boton para pasar al formulario de direcciones], Cliente pagina datos dir task [cliente enters 'Cartagena de indias' into Ingrese la ciudad, cliente types 'ARROW_DOWN' in Ingrese la ciudad, cliente types 'ENTER' in Ingrese la ciudad, cliente enters '13232' into Ingrese el codigo postal, cliente clicks on Dropdown de paises, cliente enters 'Colombia' then hits ARROW_DOWN and ENTER into Ingrese el pais, cliente clicks on Boton para pasar al siguiente formulario], Cliente pagina dispositivos task [cliente clicks on Dropdown de celulares, cliente enters 'Apple' then hits ARROW_DOWN and ENTER into Ingrese el celular, cliente clicks on Dropdown de modelos, cliente enters 'Apple' then hits ARROW_DOWN and ENTER into Ingrese el modelo, cliente clicks on Dropdown de celulares, cliente enters 'Apple' then hits ARROW_DOWN and ENTER into Ingrese el celular, cliente clicks on Boton para avanzar para la contraseÃ±a], Cliente pagina contrasena task [cliente enters 'Nose123456789@' into Ingrese la contrasena, cliente enters 'Nose123456789@' into Confirme la contrasena, cliente clicks on Checkear, cliente clicks on Checkear]]
[Test worker] WARN net.thucydides.core.steps.BaseStepListener - stepStarted: net.thucydides.core.steps.ExecutedStepDescription@e61b0fb
[Test worker] WARN net.thucydides.core.steps.BaseStepListener - stepFinished: current outcome:El cliente quiere registrar un nuevo usuario:Given el cliente quiere registrar un usuario en la pagina [Cliente pagina inicio utest task [cliente opens the https://utest.com/, cliente clicks on Boton de redireccion hacia el formulario de registro]], When el cliente llena los campos necesarios para el registro
| _nombre | _apellido | _correo | _mes | _dia | _ano | _ciudad | _zip | _pais | _celular | _modelo | _sistema | _contrasena |
| Rodolfo | Gonzales | rodo@yopmail.com | June | 22 | 1990 | Cartagena de indias | 13232 | Colombia | Apple | iPad 4 | IOS 11.0 | Nose123456789@ | [Cliente pagina datos per task [cliente enters 'Rodolfo' into ingrese el nombre, cliente enters 'Gonzales' into ingrese el apellido, cliente enters 'rodo@yopmail.com' into ingrese el correo, cliente select June on ingrese el mes de nacimiento, cliente select 22 on ingrese el dia de nacimiento, cliente select 1990 on ingrese el ano de nacimiento, cliente clicks on boton para pasar al formulario de direcciones], Cliente pagina datos dir task [cliente enters 'Cartagena de indias' into Ingrese la ciudad, cliente types 'ARROW_DOWN' in Ingrese la ciudad, cliente types 'ENTER' in Ingrese la ciudad, cliente enters '13232' into Ingrese el codigo postal, cliente clicks on Dropdown de paises, cliente enters 'Colombia' then hits ARROW_DOWN and ENTER into Ingrese el pais, cliente clicks on Boton para pasar al siguiente formulario], Cliente pagina dispositivos task [cliente clicks on Dropdown de celulares, cliente enters 'Apple' then hits ARROW_DOWN and ENTER into Ingrese el celular, cliente clicks on Dropdown de modelos, cliente enters 'Apple' then hits ARROW_DOWN and ENTER into Ingrese el modelo, cliente clicks on Dropdown de celulares, cliente enters 'Apple' then hits ARROW_DOWN and ENTER into Ingrese el celular, cliente clicks on Boton para avanzar para la contraseÃ±a], Cliente pagina contrasena task [cliente enters 'Nose123456789@' into Ingrese la contrasena, cliente enters 'Nose123456789@' into Confirme la contrasena, cliente clicks on Checkear, cliente clicks on Checkear, cliente clicks on Checkear]]
[Test worker] WARN net.thucydides.core.steps.BaseStepListener - stepStarted: net.thucydides.core.steps.ExecutedStepDescription@3302bba8
[Test worker] WARN net.thucydides.core.steps.BaseStepListener - stepFinished: current outcome:El cliente quiere registrar un nuevo usuario:Given el cliente quiere registrar un usuario en la pagina [Cliente pagina inicio utest task [cliente opens the https://utest.com/, cliente clicks on Boton de redireccion hacia el formulario de registro]], When el cliente llena los campos necesarios para el registro
| _nombre | _apellido | _correo | _mes | _dia | _ano | _ciudad | _zip | _pais | _celular | _modelo | _sistema | _contrasena |
| Rodolfo | Gonzales | rodo@yopmail.com | June | 22 | 1990 | Cartagena de indias | 13232 | Colombia | Apple | iPad 4 | IOS 11.0 | Nose123456789@ | [Cliente pagina datos per task [cliente enters 'Rodolfo' into ingrese el nombre, cliente enters 'Gonzales' into ingrese el apellido, cliente enters 'rodo@yopmail.com' into ingrese el correo, cliente select June on ingrese el mes de nacimiento, cliente select 22 on ingrese el dia de nacimiento, cliente select 1990 on ingrese el ano de nacimiento, cliente clicks on boton para pasar al formulario de direcciones], Cliente pagina datos dir task [cliente enters 'Cartagena de indias' into Ingrese la ciudad, cliente types 'ARROW_DOWN' in Ingrese la ciudad, cliente types 'ENTER' in Ingrese la ciudad, cliente enters '13232' into Ingrese el codigo postal, cliente clicks on Dropdown de paises, cliente enters 'Colombia' then hits ARROW_DOWN and ENTER into Ingrese el pais, cliente clicks on Boton para pasar al siguiente formulario], Cliente pagina dispositivos task [cliente clicks on Dropdown de celulares, cliente enters 'Apple' then hits ARROW_DOWN and ENTER into Ingrese el celular, cliente clicks on Dropdown de modelos, cliente enters 'Apple' then hits ARROW_DOWN and ENTER into Ingrese el modelo, cliente clicks on Dropdown de celulares, cliente enters 'Apple' then hits ARROW_DOWN and ENTER into Ingrese el celular, cliente clicks on Boton para avanzar para la contraseÃ±a], Cliente pagina contrasena task [cliente enters 'Nose123456789@' into Ingrese la contrasena, cliente enters 'Nose123456789@' into Confirme la contrasena, cliente clicks on Checkear, cliente clicks on Checkear, cliente clicks on Checkear, cliente clicks on Boton para confirmar el registro]]
[Test worker] WARN net.thucydides.core.steps.BaseStepListener - stepFinished: current outcome:El cliente quiere registrar un nuevo usuario:Given el cliente quiere registrar un usuario en la pagina [Cliente pagina inicio utest task [cliente opens the https://utest.com/, cliente clicks on Boton de redireccion hacia el formulario de registro]], When el cliente llena los campos necesarios para el registro
| _nombre | _apellido | _correo | _mes | _dia | _ano | _ciudad | _zip | _pais | _celular | _modelo | _sistema | _contrasena |
| Rodolfo | Gonzales | rodo@yopmail.com | June | 22 | 1990 | Cartagena de indias | 13232 | Colombia | Apple | iPad 4 | IOS 11.0 | Nose123456789@ | [Cliente pagina datos per task [cliente enters 'Rodolfo' into ingrese el nombre, cliente enters 'Gonzales' into ingrese el apellido, cliente enters 'rodo@yopmail.com' into ingrese el correo, cliente select June on ingrese el mes de nacimiento, cliente select 22 on ingrese el dia de nacimiento, cliente select 1990 on ingrese el ano de nacimiento, cliente clicks on boton para pasar al formulario de direcciones], Cliente pagina datos dir task [cliente enters 'Cartagena de indias' into Ingrese la ciudad, cliente types 'ARROW_DOWN' in Ingrese la ciudad, cliente types 'ENTER' in Ingrese la ciudad, cliente enters '13232' into Ingrese el codigo postal, cliente clicks on Dropdown de paises, cliente enters 'Colombia' then hits ARROW_DOWN and ENTER into Ingrese el pais, cliente clicks on Boton para pasar al siguiente formulario], Cliente pagina dispositivos task [cliente clicks on Dropdown de celulares, cliente enters 'Apple' then hits ARROW_DOWN and ENTER into Ingrese el celular, cliente clicks on Dropdown de modelos, cliente enters 'Apple' then hits ARROW_DOWN and ENTER into Ingrese el modelo, cliente clicks on Dropdown de celulares, cliente enters 'Apple' then hits ARROW_DOWN and ENTER into Ingrese el celular, cliente clicks on Boton para avanzar para la contraseÃ±a], Cliente pagina contrasena task [cliente enters 'Nose123456789@' into Ingrese la contrasena, cliente enters 'Nose123456789@' into Confirme la contrasena, cliente clicks on Checkear, cliente clicks on Checkear, cliente clicks on Checkear, cliente clicks on Boton para confirmar el registro]]
[Test worker] WARN net.thucydides.core.steps.BaseStepListener - stepFinished: current outcome:El cliente quiere registrar un nuevo usuario:Given el cliente quiere registrar un usuario en la pagina [Cliente pagina inicio utest task [cliente opens the https://utest.com/, cliente clicks on Boton de redireccion hacia el formulario de registro]], When el cliente llena los campos necesarios para el registro
| _nombre | _apellido | _correo | _mes | _dia | _ano | _ciudad | _zip | _pais | _celular | _modelo | _sistema | _contrasena |
| Rodolfo | Gonzales | rodo@yopmail.com | June | 22 | 1990 | Cartagena de indias | 13232 | Colombia | Apple | iPad 4 | IOS 11.0 | Nose123456789@ | [Cliente pagina datos per task [cliente enters 'Rodolfo' into ingrese el nombre, cliente enters 'Gonzales' into ingrese el apellido, cliente enters 'rodo@yopmail.com' into ingrese el correo, cliente select June on ingrese el mes de nacimiento, cliente select 22 on ingrese el dia de nacimiento, cliente select 1990 on ingrese el ano de nacimiento, cliente clicks on boton para pasar al formulario de direcciones], Cliente pagina datos dir task [cliente enters 'Cartagena de indias' into Ingrese la ciudad, cliente types 'ARROW_DOWN' in Ingrese la ciudad, cliente types 'ENTER' in Ingrese la ciudad, cliente enters '13232' into Ingrese el codigo postal, cliente clicks on Dropdown de paises, cliente enters 'Colombia' then hits ARROW_DOWN and ENTER into Ingrese el pais, cliente clicks on Boton para pasar al siguiente formulario], Cliente pagina dispositivos task [cliente clicks on Dropdown de celulares, cliente enters 'Apple' then hits ARROW_DOWN and ENTER into Ingrese el celular, cliente clicks on Dropdown de modelos, cliente enters 'Apple' then hits ARROW_DOWN and ENTER into Ingrese el modelo, cliente clicks on Dropdown de celulares, cliente enters 'Apple' then hits ARROW_DOWN and ENTER into Ingrese el celular, cliente clicks on Boton para avanzar para la contraseÃ±a], Cliente pagina contrasena task [cliente enters 'Nose123456789@' into Ingrese la contrasena, cliente enters 'Nose123456789@' into Confirme la contrasena, cliente clicks on Checkear, cliente clicks on Checkear, cliente clicks on Checkear, cliente clicks on Boton para confirmar el registro]]
[Test worker] WARN net.thucydides.core.steps.BaseStepListener - stepStarted: net.thucydides.core.steps.ExecutedStepDescription@7a211b7
[Test worker] WARN net.thucydides.core.steps.BaseStepListener - stepStarted: net.thucydides.core.steps.ExecutedStepDescription@205ba6e0
[Test worker] WARN net.thucydides.core.steps.BaseStepListener - stepFinished: current outcome:El cliente quiere registrar un nuevo usuario:Given el cliente quiere registrar un usuario en la pagina [Cliente pagina inicio utest task [cliente opens the https://utest.com/, cliente clicks on Boton de redireccion hacia el formulario de registro]], When el cliente llena los campos necesarios para el registro
| _nombre | _apellido | _correo | _mes | _dia | _ano | _ciudad | _zip | _pais | _celular | _modelo | _sistema | _contrasena |
| Rodolfo | Gonzales | rodo@yopmail.com | June | 22 | 1990 | Cartagena de indias | 13232 | Colombia | Apple | iPad 4 | IOS 11.0 | Nose123456789@ | [Cliente pagina datos per task [cliente enters 'Rodolfo' into ingrese el nombre, cliente enters 'Gonzales' into ingrese el apellido, cliente enters 'rodo@yopmail.com' into ingrese el correo, cliente select June on ingrese el mes de nacimiento, cliente select 22 on ingrese el dia de nacimiento, cliente select 1990 on ingrese el ano de nacimiento, cliente clicks on boton para pasar al formulario de direcciones], Cliente pagina datos dir task [cliente enters 'Cartagena de indias' into Ingrese la ciudad, cliente types 'ARROW_DOWN' in Ingrese la ciudad, cliente types 'ENTER' in Ingrese la ciudad, cliente enters '13232' into Ingrese el codigo postal, cliente clicks on Dropdown de paises, cliente enters 'Colombia' then hits ARROW_DOWN and ENTER into Ingrese el pais, cliente clicks on Boton para pasar al siguiente formulario], Cliente pagina dispositivos task [cliente clicks on Dropdown de celulares, cliente enters 'Apple' then hits ARROW_DOWN and ENTER into Ingrese el celular, cliente clicks on Dropdown de modelos, cliente enters 'Apple' then hits ARROW_DOWN and ENTER into Ingrese el modelo, cliente clicks on Dropdown de celulares, cliente enters 'Apple' then hits ARROW_DOWN and ENTER into Ingrese el celular, cliente clicks on Boton para avanzar para la contraseÃ±a], Cliente pagina contrasena task [cliente enters 'Nose123456789@' into Ingrese la contrasena, cliente enters 'Nose123456789@' into Confirme la contrasena, cliente clicks on Checkear, cliente clicks on Checkear, cliente clicks on Checkear, cliente clicks on Boton para confirmar el registro]], Then el cliente completa el registro luego de llenar toda la informacion
| _validTxt |
| Complete Setup | [Then validate final question]
[Test worker] WARN net.thucydides.core.steps.BaseStepListener - stepFinished: current outcome:El cliente quiere registrar un nuevo usuario:Given el cliente quiere registrar un usuario en la pagina [Cliente pagina inicio utest task [cliente opens the https://utest.com/, cliente clicks on Boton de redireccion hacia el formulario de registro]], When el cliente llena los campos necesarios para el registro
| _nombre | _apellido | _correo | _mes | _dia | _ano | _ciudad | _zip | _pais | _celular | _modelo | _sistema | _contrasena |
| Rodolfo | Gonzales | rodo@yopmail.com | June | 22 | 1990 | Cartagena de indias | 13232 | Colombia | Apple | iPad 4 | IOS 11.0 | Nose123456789@ | [Cliente pagina datos per task [cliente enters 'Rodolfo' into ingrese el nombre, cliente enters 'Gonzales' into ingrese el apellido, cliente enters 'rodo@yopmail.com' into ingrese el correo, cliente select June on ingrese el mes de nacimiento, cliente select 22 on ingrese el dia de nacimiento, cliente select 1990 on ingrese el ano de nacimiento, cliente clicks on boton para pasar al formulario de direcciones], Cliente pagina datos dir task [cliente enters 'Cartagena de indias' into Ingrese la ciudad, cliente types 'ARROW_DOWN' in Ingrese la ciudad, cliente types 'ENTER' in Ingrese la ciudad, cliente enters '13232' into Ingrese el codigo postal, cliente clicks on Dropdown de paises, cliente enters 'Colombia' then hits ARROW_DOWN and ENTER into Ingrese el pais, cliente clicks on Boton para pasar al siguiente formulario], Cliente pagina dispositivos task [cliente clicks on Dropdown de celulares, cliente enters 'Apple' then hits ARROW_DOWN and ENTER into Ingrese el celular, cliente clicks on Dropdown de modelos, cliente enters 'Apple' then hits ARROW_DOWN and ENTER into Ingrese el modelo, cliente clicks on Dropdown de celulares, cliente enters 'Apple' then hits ARROW_DOWN and ENTER into Ingrese el celular, cliente clicks on Boton para avanzar para la contraseÃ±a], Cliente pagina contrasena task [cliente enters 'Nose123456789@' into Ingrese la contrasena, cliente enters 'Nose123456789@' into Confirme la contrasena, cliente clicks on Checkear, cliente clicks on Checkear, cliente clicks on Checkear, cliente clicks on Boton para confirmar el registro]], Then el cliente completa el registro luego de llenar toda la informacion
| _validTxt |
| Complete Setup | [Then validate final question]
[Test worker] WARN net.thucydides.core.steps.BaseStepListener - testFinished: El cliente quiere registrar un nuevo usuario:Given el cliente quiere registrar un usuario en la pagina [Cliente pagina inicio utest task [cliente opens the https://utest.com/, cliente clicks on Boton de redireccion hacia el formulario de registro]], When el cliente llena los campos necesarios para el registro
| _nombre | _apellido | _correo | _mes | _dia | _ano | _ciudad | _zip | _pais | _celular | _modelo | _sistema | _contrasena |
| Rodolfo | Gonzales | rodo@yopmail.com | June | 22 | 1990 | Cartagena de indias | 13232 | Colombia | Apple | iPad 4 | IOS 11.0 | Nose123456789@ | [Cliente pagina datos per task [cliente enters 'Rodolfo' into ingrese el nombre, cliente enters 'Gonzales' into ingrese el apellido, cliente enters 'rodo@yopmail.com' into ingrese el correo, cliente select June on ingrese el mes de nacimiento, cliente select 22 on ingrese el dia de nacimiento, cliente select 1990 on ingrese el ano de nacimiento, cliente clicks on boton para pasar al formulario de direcciones], Cliente pagina datos dir task [cliente enters 'Cartagena de indias' into Ingrese la ciudad, cliente types 'ARROW_DOWN' in Ingrese la ciudad, cliente types 'ENTER' in Ingrese la ciudad, cliente enters '13232' into Ingrese el codigo postal, cliente clicks on Dropdown de paises, cliente enters 'Colombia' then hits ARROW_DOWN and ENTER into Ingrese el pais, cliente clicks on Boton para pasar al siguiente formulario], Cliente pagina dispositivos task [cliente clicks on Dropdown de celulares, cliente enters 'Apple' then hits ARROW_DOWN and ENTER into Ingrese el celular, cliente clicks on Dropdown de modelos, cliente enters 'Apple' then hits ARROW_DOWN and ENTER into Ingrese el modelo, cliente clicks on Dropdown de celulares, cliente enters 'Apple' then hits ARROW_DOWN and ENTER into Ingrese el celular, cliente clicks on Boton para avanzar para la contraseÃ±a], Cliente pagina contrasena task [cliente enters 'Nose123456789@' into Ingrese la contrasena, cliente enters 'Nose123456789@' into Confirme la contrasena, cliente clicks on Checkear, cliente clicks on Checkear, cliente clicks on Checkear, cliente clicks on Boton para confirmar el registro]], Then el cliente completa el registro luego de llenar toda la informacion
| _validTxt |
| Complete Setup | [Then validate final question]
[Test worker] WARN net.thucydides.core.steps.BaseStepListener - TestOutcomes: [El cliente quiere registrar un nuevo usuario:Given el cliente quiere registrar un usuario en la pagina [Cliente pagina inicio utest task [cliente opens the https://utest.com/, cliente clicks on Boton de redireccion hacia el formulario de registro]], When el cliente llena los campos necesarios para el registro
| _nombre | _apellido | _correo | _mes | _dia | _ano | _ciudad | _zip | _pais | _celular | _modelo | _sistema | _contrasena |
| Rodolfo | Gonzales | rodo@yopmail.com | June | 22 | 1990 | Cartagena de indias | 13232 | Colombia | Apple | iPad 4 | IOS 11.0 | Nose123456789@ | [Cliente pagina datos per task [cliente enters 'Rodolfo' into ingrese el nombre, cliente enters 'Gonzales' into ingrese el apellido, cliente enters 'rodo@yopmail.com' into ingrese el correo, cliente select June on ingrese el mes de nacimiento, cliente select 22 on ingrese el dia de nacimiento, cliente select 1990 on ingrese el ano de nacimiento, cliente clicks on boton para pasar al formulario de direcciones], Cliente pagina datos dir task [cliente enters 'Cartagena de indias' into Ingrese la ciudad, cliente types 'ARROW_DOWN' in Ingrese la ciudad, cliente types 'ENTER' in Ingrese la ciudad, cliente enters '13232' into Ingrese el codigo postal, cliente clicks on Dropdown de paises, cliente enters 'Colombia' then hits ARROW_DOWN and ENTER into Ingrese el pais, cliente clicks on Boton para pasar al siguiente formulario], Cliente pagina dispositivos task [cliente clicks on Dropdown de celulares, cliente enters 'Apple' then hits ARROW_DOWN and ENTER into Ingrese el celular, cliente clicks on Dropdown de modelos, cliente enters 'Apple' then hits ARROW_DOWN and ENTER into Ingrese el modelo, cliente clicks on Dropdown de celulares, cliente enters 'Apple' then hits ARROW_DOWN and ENTER into Ingrese el celular, cliente clicks on Boton para avanzar para la contraseÃ±a], Cliente pagina contrasena task [cliente enters 'Nose123456789@' into Ingrese la contrasena, cliente enters 'Nose123456789@' into Confirme la contrasena, cliente clicks on Checkear, cliente clicks on Checkear, cliente clicks on Checkear, cliente clicks on Boton para confirmar el registro]], Then el cliente completa el registro luego de llenar toda la informacion
| _validTxt |
| Complete Setup | [Then validate final question]]
[Test worker] WARN net.thucydides.core.steps.BaseStepListener - Final testOutcomes: [El cliente quiere registrar un nuevo usuario:Given el cliente quiere registrar un usuario en la pagina [Cliente pagina inicio utest task [cliente opens the https://utest.com/, cliente clicks on Boton de redireccion hacia el formulario de registro]], When el cliente llena los campos necesarios para el registro
| _nombre | _apellido | _correo | _mes | _dia | _ano | _ciudad | _zip | _pais | _celular | _modelo | _sistema | _contrasena |
| Rodolfo | Gonzales | rodo@yopmail.com | June | 22 | 1990 | Cartagena de indias | 13232 | Colombia | Apple | iPad 4 | IOS 11.0 | Nose123456789@ | [Cliente pagina datos per task [cliente enters 'Rodolfo' into ingrese el nombre, cliente enters 'Gonzales' into ingrese el apellido, cliente enters 'rodo@yopmail.com' into ingrese el correo, cliente select June on ingrese el mes de nacimiento, cliente select 22 on ingrese el dia de nacimiento, cliente select 1990 on ingrese el ano de nacimiento, cliente clicks on boton para pasar al formulario de direcciones], Cliente pagina datos dir task [cliente enters 'Cartagena de indias' into Ingrese la ciudad, cliente types 'ARROW_DOWN' in Ingrese la ciudad, cliente types 'ENTER' in Ingrese la ciudad, cliente enters '13232' into Ingrese el codigo postal, cliente clicks on Dropdown de paises, cliente enters 'Colombia' then hits ARROW_DOWN and ENTER into Ingrese el pais, cliente clicks on Boton para pasar al siguiente formulario], Cliente pagina dispositivos task [cliente clicks on Dropdown de celulares, cliente enters 'Apple' then hits ARROW_DOWN and ENTER into Ingrese el celular, cliente clicks on Dropdown de modelos, cliente enters 'Apple' then hits ARROW_DOWN and ENTER into Ingrese el modelo, cliente clicks on Dropdown de celulares, cliente enters 'Apple' then hits ARROW_DOWN and ENTER into Ingrese el celular, cliente clicks on Boton para avanzar para la contraseÃ±a], Cliente pagina contrasena task [cliente enters 'Nose123456789@' into Ingrese la contrasena, cliente enters 'Nose123456789@' into Confirme la contrasena, cliente clicks on Checkear, cliente clicks on Checkear, cliente clicks on Checkear, cliente clicks on Boton para confirmar el registro]], Then el cliente completa el registro luego de llenar toda la informacion
| _validTxt |
| Complete Setup | [Then validate final question]]
[Test worker] INFO net.thucydides.core.steps.ConsoleLoggingListener - 
        __    _____ _____ ____ _____   ____   _    ____  ____  _____ ____  
  _     \ \  |_   _| ____/ ___|_   _| |  _ \ / \  / ___|/ ___|| ____|  _ \ 
 (_)_____| |   | | |  _| \___ \ | |   | |_) / _ \ \___ \\___ \|  _| | | | |
  _|_____| |   | | | |___ ___) || |   |  __/ ___ \ ___) |___) | |___| |_| |
 (_)     | |   |_| |_____|____/ |_|   |_| /_/   \_\____/|____/|_____|____/ 
        /_/                                                                

TEST PASSED: El cliente quiere registrar un nuevo usuario
----------------------------------------------------------------------------
]]></system-err>
</testsuite>
